2015-05-13 14:18:20,978 INFO     The counter is now 0
2015-05-13 14:18:25,985 INFO     The counter is now 1
2015-05-13 14:18:30,991 INFO     The counter is now 2
2015-05-13 14:18:35,997 INFO     The counter is now 3
2015-05-13 14:27:03,701 INFO     The counter is now 0
2015-05-13 14:27:08,707 INFO     The counter is now 1
2015-05-13 14:27:13,713 INFO     The counter is now 2
2015-05-13 14:28:44,261 INFO     The counter is now 0
2015-05-13 14:30:50,044 INFO     The counter is now 0
2015-05-13 14:34:53,856 INFO     The counter is now 0
2015-05-13 14:34:58,862 INFO     The counter is now 1
2015-05-13 14:35:03,871 INFO     The counter is now 2
2015-05-13 14:35:08,887 INFO     The counter is now 3
2015-05-13 14:35:13,895 ERROR    Traceback (most recent call last):
2015-05-13 14:35:13,900 ERROR      File "main.py", line 60, in <module>
2015-05-13 14:35:13,901 ERROR    j = 1/0  # cause an exception to be thrown and the program to exit
2015-05-13 14:35:13,902 ERROR    ZeroDivisionError
2015-05-13 14:35:13,902 ERROR    :
2015-05-13 14:35:13,903 ERROR    integer division or modulo by zero
2015-05-13 14:35:50,527 INFO     The counter is now 0
2015-05-13 14:35:52,003 INFO     The counter is now 1
2015-05-13 14:35:57,011 INFO     The counter is now 2
2015-05-13 14:36:02,186 INFO     The counter is now 3
2015-05-13 14:36:02,249 INFO     The counter is now 4
2015-05-13 14:36:02,613 INFO     The counter is now 5
2015-05-13 14:36:02,941 INFO     The counter is now 6
2015-05-13 14:36:03,132 INFO     The counter is now 7
2015-05-13 14:36:03,301 INFO     The counter is now 8
2015-05-13 14:36:03,485 INFO     The counter is now 9
2015-05-13 14:36:03,653 INFO     The counter is now 10
2015-05-13 14:36:03,813 INFO     The counter is now 11
2015-05-13 14:36:03,981 INFO     The counter is now 12
2015-05-13 14:36:04,149 INFO     The counter is now 13
2015-05-13 14:36:04,325 INFO     The counter is now 14
2015-05-13 14:36:04,494 INFO     The counter is now 15
2015-05-13 14:36:04,633 INFO     The counter is now 16
2015-05-13 14:36:05,130 INFO     The counter is now 17
2015-05-13 14:36:05,176 INFO     The counter is now 18
2015-05-13 14:36:05,191 INFO     The counter is now 19
2015-05-13 14:36:05,242 INFO     The counter is now 20
2015-05-13 14:36:05,265 INFO     The counter is now 21
2015-05-13 14:36:05,298 INFO     The counter is now 22
2015-05-13 14:36:05,332 INFO     The counter is now 23
2015-05-13 14:36:05,365 INFO     The counter is now 24
2015-05-13 14:36:05,398 INFO     The counter is now 25
2015-05-13 14:36:05,428 INFO     The counter is now 26
2015-05-13 14:36:05,461 INFO     The counter is now 27
2015-05-13 14:36:05,495 INFO     The counter is now 28
2015-05-13 14:36:05,522 INFO     The counter is now 29
2015-05-13 14:36:05,557 INFO     The counter is now 30
2015-05-13 14:36:05,583 INFO     The counter is now 31
2015-05-13 14:36:05,614 INFO     The counter is now 32
2015-05-13 14:36:05,644 INFO     The counter is now 33
2015-05-13 14:36:05,675 INFO     The counter is now 34
2015-05-13 14:36:05,706 INFO     The counter is now 35
2015-05-13 14:36:05,737 INFO     The counter is now 36
2015-05-13 14:36:05,771 INFO     The counter is now 37
2015-05-13 14:36:05,802 INFO     The counter is now 38
2015-05-13 14:36:05,828 INFO     The counter is now 39
2015-05-13 14:36:05,869 INFO     The counter is now 40
2015-05-13 14:36:05,899 INFO     The counter is now 41
2015-05-13 14:36:05,930 INFO     The counter is now 42
2015-05-13 14:36:10,932 INFO     The counter is now 43
2015-05-13 14:36:15,938 INFO     The counter is now 44
2015-05-13 14:36:20,943 INFO     The counter is now 45
2015-05-13 14:36:25,948 INFO     The counter is now 46
2015-05-13 14:36:30,954 INFO     The counter is now 47
2015-05-13 14:36:35,960 INFO     The counter is now 48
2015-05-13 14:36:40,966 INFO     The counter is now 49
2015-05-13 14:36:45,972 INFO     The counter is now 50
2015-05-13 14:36:50,974 INFO     The counter is now 51
2015-05-13 14:36:55,980 INFO     The counter is now 52
2015-05-13 14:37:00,984 INFO     The counter is now 53
2015-05-13 14:37:05,990 INFO     The counter is now 54
2015-05-13 14:37:10,993 INFO     The counter is now 55
2015-05-13 14:37:15,999 INFO     The counter is now 56
2015-05-13 14:37:21,001 INFO     The counter is now 57
2015-05-13 14:37:26,007 INFO     The counter is now 58
2015-05-13 14:37:31,013 INFO     The counter is now 59
2015-05-13 14:37:36,018 INFO     The counter is now 60
2015-05-13 14:37:41,022 INFO     The counter is now 61
2015-05-13 14:37:46,028 INFO     The counter is now 62
2015-05-13 14:37:51,034 INFO     The counter is now 63
2015-05-13 14:37:56,040 INFO     The counter is now 64
2015-05-13 14:38:01,042 INFO     The counter is now 65
2015-05-13 14:38:06,044 INFO     The counter is now 66
2015-05-13 14:38:11,047 INFO     The counter is now 67
2015-05-13 14:38:16,053 INFO     The counter is now 68
2015-05-13 14:38:21,060 INFO     The counter is now 69
2015-05-13 14:38:26,066 INFO     The counter is now 70
2015-05-13 14:38:31,072 INFO     The counter is now 71
2015-05-13 14:38:36,078 INFO     The counter is now 72
2015-05-13 14:38:41,084 INFO     The counter is now 73
2015-05-13 14:38:46,088 INFO     The counter is now 74
2015-05-13 14:38:51,094 INFO     The counter is now 75
2015-05-13 14:38:56,100 INFO     The counter is now 76
2015-05-13 14:39:01,106 INFO     The counter is now 77
2015-05-13 14:39:06,108 INFO     The counter is now 78
2015-05-13 14:39:11,114 INFO     The counter is now 79
2015-05-13 14:39:16,121 INFO     The counter is now 80
2015-05-13 14:39:21,125 INFO     The counter is now 81
2015-05-13 14:39:26,128 INFO     The counter is now 82
2015-05-13 14:39:31,135 INFO     The counter is now 83
2015-05-13 14:39:36,140 INFO     The counter is now 84
2015-05-13 14:39:41,146 INFO     The counter is now 85
2015-05-13 14:39:46,148 INFO     The counter is now 86
2015-05-13 14:39:51,150 INFO     The counter is now 87
2015-05-13 14:39:56,151 INFO     The counter is now 88
2015-05-13 14:40:01,153 INFO     The counter is now 89
2015-05-13 14:40:06,160 INFO     The counter is now 90
2015-05-13 14:40:11,166 INFO     The counter is now 91
2015-05-13 14:40:16,172 INFO     The counter is now 92
2015-05-13 14:40:21,178 INFO     The counter is now 93
2015-05-13 14:40:26,180 INFO     The counter is now 94
2015-05-13 14:40:31,186 INFO     The counter is now 95
2015-05-13 14:40:36,188 INFO     The counter is now 96
2015-05-13 14:40:41,194 INFO     The counter is now 97
2015-05-13 14:40:46,225 INFO     The counter is now 98
2015-05-13 14:40:51,231 INFO     The counter is now 99
2015-05-13 14:40:56,233 INFO     The counter is now 100
2015-05-13 14:41:01,239 INFO     The counter is now 101
2015-05-13 14:41:06,245 INFO     The counter is now 102
2015-05-13 14:41:11,251 INFO     The counter is now 103
2015-05-13 14:41:16,257 INFO     The counter is now 104
2015-05-13 14:41:21,263 INFO     The counter is now 105
2015-05-13 14:41:26,269 INFO     The counter is now 106
2015-05-13 14:41:31,271 INFO     The counter is now 107
2015-05-13 14:41:36,277 INFO     The counter is now 108
2015-05-13 14:41:41,278 INFO     The counter is now 109
2015-05-13 14:41:46,285 INFO     The counter is now 110
2015-05-13 14:41:51,288 INFO     The counter is now 111
2015-05-13 14:41:56,295 INFO     The counter is now 112
2015-05-13 14:42:01,298 INFO     The counter is now 113
2015-05-13 14:42:06,305 INFO     The counter is now 114
2015-05-13 14:42:11,311 INFO     The counter is now 115
2015-05-13 14:42:16,317 INFO     The counter is now 116
2015-05-13 14:42:21,323 INFO     The counter is now 117
2015-05-13 14:42:26,329 INFO     The counter is now 118
2015-05-13 14:42:31,336 INFO     The counter is now 119
2015-05-13 14:42:36,342 INFO     The counter is now 120
2015-05-13 14:42:41,347 INFO     The counter is now 121
2015-05-13 14:42:46,353 INFO     The counter is now 122
2015-05-13 14:42:51,359 INFO     The counter is now 123
2015-05-13 14:42:56,365 INFO     The counter is now 124
2015-05-13 14:43:01,371 INFO     The counter is now 125
2015-05-13 14:43:06,378 INFO     The counter is now 126
2015-05-13 14:43:11,384 INFO     The counter is now 127
2015-05-13 14:43:16,390 INFO     The counter is now 128
2015-05-13 14:43:21,397 INFO     The counter is now 129
2015-05-13 14:43:26,403 INFO     The counter is now 130
2015-05-13 14:43:31,409 INFO     The counter is now 131
2015-05-13 14:43:36,416 INFO     The counter is now 132
2015-05-13 14:43:41,422 INFO     The counter is now 133
2015-05-13 14:43:46,428 INFO     The counter is now 134
2015-05-13 14:43:51,435 INFO     The counter is now 135
2015-05-13 14:43:56,441 INFO     The counter is now 136
2015-05-13 14:44:01,447 INFO     The counter is now 137
2015-05-13 14:44:06,454 INFO     The counter is now 138
2015-05-13 14:44:11,460 INFO     The counter is now 139
2015-05-13 14:44:16,466 INFO     The counter is now 140
2015-05-13 14:44:21,468 INFO     The counter is now 141
2015-05-13 14:44:26,475 INFO     The counter is now 142
2015-05-13 14:44:31,478 INFO     The counter is now 143
2015-05-13 14:44:36,483 INFO     The counter is now 144
2015-05-13 14:44:41,489 INFO     The counter is now 145
2015-05-13 14:44:46,495 INFO     The counter is now 146
2015-05-13 14:44:51,501 INFO     The counter is now 147
2015-05-13 14:44:56,507 INFO     The counter is now 148
2015-05-13 14:45:01,514 INFO     The counter is now 149
2015-05-13 14:45:06,520 INFO     The counter is now 150
2015-05-13 14:45:11,526 INFO     The counter is now 151
2015-05-13 14:45:16,532 INFO     The counter is now 152
2015-05-13 14:45:21,538 INFO     The counter is now 153
2015-05-13 14:45:26,544 INFO     The counter is now 154
2015-05-13 14:45:31,551 INFO     The counter is now 155
2015-05-13 14:45:36,557 INFO     The counter is now 156
2015-05-13 14:45:41,558 INFO     The counter is now 157
2015-05-13 14:45:46,564 INFO     The counter is now 158
2015-05-13 14:45:51,570 INFO     The counter is now 159
2015-05-13 14:45:56,576 INFO     The counter is now 160
2015-05-13 14:46:01,583 INFO     The counter is now 161
2015-05-13 14:46:06,589 INFO     The counter is now 162
2015-05-13 14:46:11,595 INFO     The counter is now 163
2015-05-13 14:46:16,601 INFO     The counter is now 164
2015-05-13 14:46:21,607 INFO     The counter is now 165
2015-05-13 14:46:26,614 INFO     The counter is now 166
2015-05-13 14:46:31,620 INFO     The counter is now 167
2015-05-13 14:46:36,626 INFO     The counter is now 168
2015-05-13 14:46:41,633 INFO     The counter is now 169
2015-05-13 14:46:46,638 INFO     The counter is now 170
2015-05-13 14:46:51,644 INFO     The counter is now 171
2015-05-13 14:46:56,650 INFO     The counter is now 172
2015-05-13 14:47:01,656 INFO     The counter is now 173
2015-05-13 14:47:06,662 INFO     The counter is now 174
2015-05-13 14:47:11,668 INFO     The counter is now 175
2015-05-13 14:47:16,674 INFO     The counter is now 176
2015-05-13 14:47:21,968 INFO     The counter is now 177
2015-05-13 14:47:26,974 INFO     The counter is now 178
2015-05-13 14:47:31,980 INFO     The counter is now 179
2015-05-13 14:47:36,986 INFO     The counter is now 180
2015-05-13 14:47:41,993 INFO     The counter is now 181
2015-05-13 14:47:46,999 INFO     The counter is now 182
2015-05-13 14:47:52,005 INFO     The counter is now 183
2015-05-13 14:47:57,011 INFO     The counter is now 184
2015-05-13 14:48:02,017 INFO     The counter is now 185
2015-05-13 14:48:07,023 INFO     The counter is now 186
2015-05-13 14:48:12,029 INFO     The counter is now 187
2015-05-13 14:48:17,035 INFO     The counter is now 188
2015-05-13 14:48:22,041 INFO     The counter is now 189
2015-05-13 14:48:27,047 INFO     The counter is now 190
2015-05-13 14:48:32,052 INFO     The counter is now 191
2015-05-13 14:48:37,058 INFO     The counter is now 192
2015-05-13 14:48:42,159 INFO     The counter is now 193
2015-05-13 14:48:47,165 INFO     The counter is now 194
2015-05-13 14:48:52,168 INFO     The counter is now 195
2015-05-13 14:48:57,174 INFO     The counter is now 196
2015-05-13 14:49:02,180 INFO     The counter is now 197
2015-05-13 14:49:07,186 INFO     The counter is now 198
2015-05-13 14:49:12,192 INFO     The counter is now 199
2015-05-13 14:49:17,558 INFO     The counter is now 200
2015-05-13 14:49:22,564 INFO     The counter is now 201
2015-05-13 14:49:27,570 INFO     The counter is now 202
2015-05-13 14:49:32,576 INFO     The counter is now 203
2015-05-13 14:49:37,578 INFO     The counter is now 204
2015-05-13 14:49:42,584 INFO     The counter is now 205
2015-05-13 14:49:47,590 INFO     The counter is now 206
2015-05-13 14:49:52,596 INFO     The counter is now 207
2015-05-13 14:49:57,602 INFO     The counter is now 208
2015-05-13 14:50:02,608 INFO     The counter is now 209
2015-05-13 14:50:07,614 INFO     The counter is now 210
2015-05-13 14:50:12,620 INFO     The counter is now 211
2015-05-13 14:50:17,626 INFO     The counter is now 212
2015-05-13 14:50:22,632 INFO     The counter is now 213
2015-05-13 14:50:27,637 INFO     The counter is now 214
2015-05-13 14:50:32,643 INFO     The counter is now 215
2015-05-13 14:50:37,649 INFO     The counter is now 216
2015-05-13 14:50:42,655 INFO     The counter is now 217
2015-05-13 14:50:47,661 INFO     The counter is now 218
2015-05-13 14:50:52,667 INFO     The counter is now 219
2015-05-13 14:50:57,673 INFO     The counter is now 220
2015-05-13 14:51:02,678 INFO     The counter is now 221
2015-05-13 14:51:07,684 INFO     The counter is now 222
2015-05-13 14:51:12,688 INFO     The counter is now 223
2015-05-13 14:51:17,694 INFO     The counter is now 224
2015-05-13 14:51:22,698 INFO     The counter is now 225
2015-05-13 14:51:27,704 INFO     The counter is now 226
2015-05-13 14:51:32,710 INFO     The counter is now 227
2015-05-13 14:51:37,716 INFO     The counter is now 228
2015-05-13 14:51:42,722 INFO     The counter is now 229
2015-05-13 14:51:47,728 INFO     The counter is now 230
2015-05-13 14:51:52,734 INFO     The counter is now 231
2015-05-13 14:51:57,740 INFO     The counter is now 232
2015-05-13 14:52:02,746 INFO     The counter is now 233
2015-05-13 14:52:07,748 INFO     The counter is now 234
2015-05-13 14:52:12,754 INFO     The counter is now 235
2015-05-13 14:52:17,758 INFO     The counter is now 236
2015-05-13 14:52:22,764 INFO     The counter is now 237
2015-05-13 14:52:27,768 INFO     The counter is now 238
2015-05-13 14:52:32,774 INFO     The counter is now 239
2015-05-13 14:52:37,780 INFO     The counter is now 240
2015-05-13 14:52:42,787 INFO     The counter is now 241
2015-05-13 14:52:47,815 INFO     The counter is now 242
2015-05-13 14:52:52,821 INFO     The counter is now 243
2015-05-13 14:52:57,827 INFO     The counter is now 244
2015-05-13 14:53:03,117 INFO     The counter is now 245
2015-05-13 14:53:08,123 INFO     The counter is now 246
2015-05-13 14:53:13,129 INFO     The counter is now 247
2015-05-13 14:53:18,134 INFO     The counter is now 248
2015-05-13 14:53:23,138 INFO     The counter is now 249
2015-05-13 14:53:28,144 INFO     The counter is now 250
2015-05-13 14:53:33,150 INFO     The counter is now 251
2015-05-13 14:53:38,168 INFO     The counter is now 252
2015-05-13 14:53:43,174 INFO     The counter is now 253
2015-05-13 14:53:48,180 INFO     The counter is now 254
2015-05-13 14:53:53,357 INFO     The counter is now 255
2015-05-13 14:53:58,363 INFO     The counter is now 256
2015-05-13 14:54:03,369 INFO     The counter is now 257
2015-05-13 14:54:08,375 INFO     The counter is now 258
2015-05-13 14:54:13,645 INFO     The counter is now 259
2015-05-13 14:54:18,651 INFO     The counter is now 260
2015-05-13 14:54:23,657 INFO     The counter is now 261
2015-05-13 14:54:28,664 INFO     The counter is now 262
2015-05-13 14:54:33,670 INFO     The counter is now 263
2015-05-13 14:54:38,677 INFO     The counter is now 264
2015-05-13 14:54:43,682 INFO     The counter is now 265
2015-05-13 14:54:48,712 INFO     The counter is now 266
2015-05-13 14:54:53,718 INFO     The counter is now 267
2015-05-13 14:54:58,724 INFO     The counter is now 268
2015-05-13 14:55:03,727 INFO     The counter is now 269
2015-05-13 14:55:08,733 INFO     The counter is now 270
2015-05-13 14:55:13,739 INFO     The counter is now 271
2015-05-13 14:55:18,744 INFO     The counter is now 272
2015-05-13 14:55:23,750 INFO     The counter is now 273
2015-05-13 14:55:28,797 INFO     The counter is now 274
2015-05-13 14:55:33,803 INFO     The counter is now 275
2015-05-13 14:55:38,809 INFO     The counter is now 276
2015-05-13 14:55:43,815 INFO     The counter is now 277
2015-05-13 14:55:48,821 INFO     The counter is now 278
2015-05-13 14:55:53,827 INFO     The counter is now 279
2015-05-13 14:55:58,833 INFO     The counter is now 280
2015-05-13 14:56:03,886 INFO     The counter is now 281
2015-05-13 14:56:08,892 INFO     The counter is now 282
2015-05-13 14:56:13,893 INFO     The counter is now 283
2015-05-13 14:56:18,899 INFO     The counter is now 284
2015-05-13 14:56:24,348 INFO     The counter is now 285
2015-05-13 14:56:29,355 INFO     The counter is now 286
2015-05-13 14:56:34,358 INFO     The counter is now 287
2015-05-13 14:56:39,365 INFO     The counter is now 288
2015-05-13 14:56:41,130 INFO     The counter is now 0
2015-05-13 14:56:44,368 INFO     The counter is now 289
2015-05-13 14:56:46,137 INFO     The counter is now 1
2015-05-13 14:56:49,370 INFO     The counter is now 290
2015-05-13 14:56:54,377 INFO     The counter is now 291
2015-05-13 14:56:59,383 INFO     The counter is now 292
2015-05-13 14:57:04,389 INFO     The counter is now 293
2015-05-13 14:57:09,393 INFO     The counter is now 294
2015-05-13 14:57:14,399 INFO     The counter is now 295
2015-05-13 14:57:19,406 INFO     The counter is now 296
2015-05-13 14:57:20,431 INFO     The counter is now 0
2015-05-13 14:57:24,412 INFO     The counter is now 297
2015-05-13 14:57:29,418 INFO     The counter is now 298
2015-05-13 14:57:34,425 INFO     The counter is now 299
2015-05-13 14:57:39,431 INFO     The counter is now 300
2015-05-13 14:57:44,438 INFO     The counter is now 301
2015-05-13 14:57:49,444 INFO     The counter is now 302
2015-05-13 14:57:54,448 INFO     The counter is now 303
2015-05-13 14:57:59,455 INFO     The counter is now 304
2015-05-13 14:58:04,458 INFO     The counter is now 305
2015-05-13 14:58:08,476 INFO     The counter is now 0
2015-05-13 14:58:09,465 INFO     The counter is now 306
2015-05-13 14:58:14,468 INFO     The counter is now 307
2015-05-13 14:58:19,475 INFO     The counter is now 308
2015-05-13 14:58:24,478 INFO     The counter is now 309
2015-05-13 14:58:29,485 INFO     The counter is now 310
2015-05-13 14:58:34,491 INFO     The counter is now 311
2015-05-13 14:58:39,497 INFO     The counter is now 312
2015-05-13 14:58:44,504 INFO     The counter is now 313
2015-05-13 14:58:49,510 INFO     The counter is now 314
2015-05-13 14:58:54,516 INFO     The counter is now 315
2015-05-13 14:58:59,518 INFO     The counter is now 316
2015-05-13 14:58:59,785 INFO     The counter is now 0
2015-05-13 14:59:04,524 INFO     The counter is now 317
2015-05-13 14:59:09,531 INFO     The counter is now 318
2015-05-13 14:59:13,699 INFO     The counter is now 0
2015-05-13 14:59:14,537 INFO     The counter is now 319
2015-05-13 14:59:19,544 INFO     The counter is now 320
2015-05-13 14:59:24,558 INFO     The counter is now 321
2015-05-13 14:59:29,564 INFO     The counter is now 322
2015-05-13 14:59:34,568 INFO     The counter is now 323
2015-05-13 14:59:39,574 INFO     The counter is now 324
2015-05-13 14:59:44,581 INFO     The counter is now 325
2015-05-13 14:59:49,587 INFO     The counter is now 326
2015-05-13 14:59:52,486 INFO     The counter is now 0
2015-05-13 14:59:54,593 INFO     The counter is now 327
2015-05-13 14:59:57,492 INFO     The counter is now 1
2015-05-13 14:59:59,599 INFO     The counter is now 328
2015-05-13 15:00:04,606 INFO     The counter is now 329
2015-05-13 15:00:08,345 INFO     The counter is now 0
2015-05-13 15:00:09,612 INFO     The counter is now 330
2015-05-13 15:00:14,618 INFO     The counter is now 331
2015-05-13 15:00:17,269 INFO     The counter is now 0
2015-05-13 15:00:19,625 INFO     The counter is now 332
2015-05-13 15:00:24,631 INFO     The counter is now 333
2015-05-13 15:00:29,638 INFO     The counter is now 334
2015-05-13 15:00:34,644 INFO     The counter is now 335
2015-05-13 15:00:39,650 INFO     The counter is now 336
2015-05-13 15:00:44,656 INFO     The counter is now 337
2015-05-13 15:00:47,623 INFO     The counter is now 0
2015-05-13 15:00:49,663 INFO     The counter is now 338
2015-05-13 15:00:54,669 INFO     The counter is now 339
2015-05-13 15:00:59,676 INFO     The counter is now 340
2015-05-13 15:01:04,682 INFO     The counter is now 341
2015-05-13 15:01:09,689 INFO     The counter is now 342
2015-05-13 15:01:14,695 INFO     The counter is now 343
2015-05-13 15:01:19,701 INFO     The counter is now 344
2015-05-13 15:01:24,707 INFO     The counter is now 345
2015-05-13 15:01:29,714 INFO     The counter is now 346
2015-05-13 15:01:34,720 INFO     The counter is now 347
2015-05-13 15:01:39,726 INFO     The counter is now 348
2015-05-13 15:01:44,732 INFO     The counter is now 349
2015-05-13 15:01:49,738 INFO     The counter is now 350
2015-05-13 15:01:54,744 INFO     The counter is now 351
2015-05-13 15:01:59,751 INFO     The counter is now 352
2015-05-13 15:02:04,757 INFO     The counter is now 353
2015-05-13 15:02:09,763 INFO     The counter is now 354
2015-05-13 15:02:14,768 INFO     The counter is now 355
2015-05-13 15:02:18,289 INFO     The counter is now 0
2015-05-13 15:02:19,775 INFO     The counter is now 356
2015-05-13 15:02:23,295 INFO     The counter is now 1
2015-05-13 15:02:24,778 INFO     The counter is now 357
2015-05-13 15:02:29,785 INFO     The counter is now 358
2015-05-13 15:02:34,790 INFO     The counter is now 359
2015-05-13 15:02:35,941 INFO     The counter is now 0
2015-05-13 15:02:36,943 INFO     The counter is now 1
2015-05-13 15:02:37,947 INFO     The counter is now 2
2015-05-13 15:02:38,949 INFO     The counter is now 3
2015-05-13 15:02:39,796 INFO     The counter is now 360
2015-05-13 15:02:44,803 INFO     The counter is now 361
2015-05-13 15:02:49,809 INFO     The counter is now 362
2015-05-13 15:02:54,815 INFO     The counter is now 363
2015-05-13 15:02:59,822 INFO     The counter is now 364
2015-05-13 15:03:04,828 INFO     The counter is now 365
2015-05-13 15:03:09,834 INFO     The counter is now 366
2015-05-13 15:03:14,841 INFO     The counter is now 367
2015-05-13 15:03:19,847 INFO     The counter is now 368
2015-05-13 15:03:24,853 INFO     The counter is now 369
2015-05-13 15:03:29,856 INFO     The counter is now 370
2015-05-13 15:03:34,862 INFO     The counter is now 371
2015-05-13 15:03:39,868 INFO     The counter is now 372
2015-05-13 15:03:44,874 INFO     The counter is now 373
2015-05-13 15:03:49,880 INFO     The counter is now 374
2015-05-13 15:03:54,886 INFO     The counter is now 375
2015-05-13 15:03:59,892 INFO     The counter is now 376
2015-05-13 15:04:04,898 INFO     The counter is now 377
2015-05-13 15:04:09,905 INFO     The counter is now 378
2015-05-13 15:04:14,911 INFO     The counter is now 379
2015-05-13 15:04:19,917 INFO     The counter is now 380
2015-05-13 15:04:24,923 INFO     The counter is now 381
2015-05-13 15:04:29,929 INFO     The counter is now 382
2015-05-13 15:04:34,935 INFO     The counter is now 383
2015-05-13 15:04:39,941 INFO     The counter is now 384
2015-05-13 15:04:44,947 INFO     The counter is now 385
2015-05-13 15:04:49,948 INFO     The counter is now 386
2015-05-13 15:04:54,955 INFO     The counter is now 387
2015-05-13 15:04:59,961 INFO     The counter is now 388
2015-05-13 15:05:04,967 INFO     The counter is now 389
2015-05-13 15:05:09,973 INFO     The counter is now 390
2015-05-13 15:05:14,978 INFO     The counter is now 391
2015-05-13 15:05:19,980 INFO     The counter is now 392
2015-05-13 15:05:24,986 INFO     The counter is now 393
2015-05-13 15:05:29,988 INFO     The counter is now 394
2015-05-13 15:05:34,993 INFO     The counter is now 395
2015-05-13 15:05:39,999 INFO     The counter is now 396
2015-05-13 15:05:45,005 INFO     The counter is now 397
2015-05-13 15:05:50,008 INFO     The counter is now 398
2015-05-13 15:05:55,015 INFO     The counter is now 399
2015-05-13 15:06:00,021 INFO     The counter is now 400
2015-05-13 15:06:05,027 INFO     The counter is now 401
2015-05-13 15:06:10,034 INFO     The counter is now 402
2015-05-13 15:06:15,040 INFO     The counter is now 403
2015-05-13 15:06:20,046 INFO     The counter is now 404
2015-05-13 15:06:25,053 INFO     The counter is now 405
2015-05-13 15:06:30,059 INFO     The counter is now 406
2015-05-13 15:06:35,066 INFO     The counter is now 407
2015-05-13 15:06:40,068 INFO     The counter is now 408
2015-05-13 15:06:45,075 INFO     The counter is now 409
2015-05-13 15:06:50,081 INFO     The counter is now 410
2015-05-13 15:06:55,087 INFO     The counter is now 411
2015-05-13 15:07:00,093 INFO     The counter is now 412
2015-05-13 15:07:05,099 INFO     The counter is now 413
2015-05-13 15:07:10,105 INFO     The counter is now 414
2015-05-13 15:07:15,112 INFO     The counter is now 415
2015-05-13 15:07:20,118 INFO     The counter is now 416
2015-05-13 15:07:25,124 INFO     The counter is now 417
2015-05-13 15:07:30,128 INFO     The counter is now 418
2015-05-13 15:07:35,135 INFO     The counter is now 419
2015-05-13 15:07:40,141 INFO     The counter is now 420
2015-05-13 15:07:45,147 INFO     The counter is now 421
2015-05-13 15:07:50,153 INFO     The counter is now 422
2015-05-13 15:07:55,159 INFO     The counter is now 423
2015-05-13 15:08:00,165 INFO     The counter is now 424
2015-05-13 15:08:05,171 INFO     The counter is now 425
2015-05-13 15:08:10,177 INFO     The counter is now 426
2015-05-13 15:08:15,183 INFO     The counter is now 427
2015-05-13 15:08:18,601 INFO     The counter is now 0
2015-05-13 15:08:20,188 INFO     The counter is now 428
2015-05-13 15:08:25,194 INFO     The counter is now 429
2015-05-13 15:08:30,198 INFO     The counter is now 430
2015-05-13 15:08:30,914 INFO     The counter is now 0
2015-05-13 15:08:31,917 INFO     The counter is now 1
2015-05-13 15:08:32,919 INFO     The counter is now 2
2015-05-13 15:08:35,205 INFO     The counter is now 431
2015-05-13 15:08:40,211 INFO     The counter is now 432
2015-05-13 15:08:45,217 INFO     The counter is now 433
2015-05-13 15:08:50,224 INFO     The counter is now 434
2015-05-13 15:08:50,395 INFO     The counter is now 0
2015-05-13 15:08:51,398 INFO     The counter is now 1
2015-05-13 15:08:52,402 INFO     The counter is now 2
2015-05-13 15:08:55,228 INFO     The counter is now 435
2015-05-13 15:09:00,235 INFO     The counter is now 436
2015-05-13 15:09:05,241 INFO     The counter is now 437
2015-05-13 15:09:10,247 INFO     The counter is now 438
2015-05-13 15:09:15,253 INFO     The counter is now 439
2015-05-13 15:09:20,260 INFO     The counter is now 440
2015-05-13 15:09:25,266 INFO     The counter is now 441
2015-05-13 15:09:30,272 INFO     The counter is now 442
2015-05-13 15:09:35,278 INFO     The counter is now 443
2015-05-13 15:09:40,285 INFO     The counter is now 444
2015-05-13 15:09:45,291 INFO     The counter is now 445
2015-05-13 15:09:50,293 INFO     The counter is now 446
2015-05-13 15:09:55,299 INFO     The counter is now 447
2015-05-13 15:10:00,305 INFO     The counter is now 448
2015-05-13 15:10:05,308 INFO     The counter is now 449
2015-05-13 15:10:10,314 INFO     The counter is now 450
2015-05-13 15:10:15,321 INFO     The counter is now 451
2015-05-13 15:10:20,327 INFO     The counter is now 452
2015-05-13 15:10:25,333 INFO     The counter is now 453
2015-05-13 15:10:30,338 INFO     The counter is now 454
2015-05-13 15:10:35,344 INFO     The counter is now 455
2015-05-13 15:10:40,350 INFO     The counter is now 456
2015-05-13 15:10:45,356 INFO     The counter is now 457
2015-05-13 15:10:50,358 INFO     The counter is now 458
2015-05-13 15:10:55,364 INFO     The counter is now 459
2015-05-13 15:11:00,371 INFO     The counter is now 460
2015-05-13 15:11:05,377 INFO     The counter is now 461
2015-05-13 15:11:10,383 INFO     The counter is now 462
2015-05-13 15:11:15,389 INFO     The counter is now 463
2015-05-13 15:11:20,393 INFO     The counter is now 464
2015-05-13 15:11:25,399 INFO     The counter is now 465
2015-05-13 15:11:30,405 INFO     The counter is now 466
2015-05-13 15:11:35,411 INFO     The counter is now 467
2015-05-13 15:11:40,417 INFO     The counter is now 468
2015-05-13 15:11:45,423 INFO     The counter is now 469
2015-05-13 15:11:50,430 INFO     The counter is now 470
2015-05-13 15:11:55,436 INFO     The counter is now 471
2015-05-13 15:12:00,442 INFO     The counter is now 472
2015-05-13 15:12:05,448 INFO     The counter is now 473
2015-05-13 15:12:10,455 INFO     The counter is now 474
2015-05-13 15:12:15,461 INFO     The counter is now 475
2015-05-13 15:12:20,466 INFO     The counter is now 476
2015-05-13 15:12:25,472 INFO     The counter is now 477
2015-05-13 15:12:30,478 INFO     The counter is now 478
2015-05-13 15:12:35,483 INFO     The counter is now 479
2015-05-13 15:12:40,488 INFO     The counter is now 480
2015-05-13 15:12:45,495 INFO     The counter is now 481
2015-05-13 15:12:50,501 INFO     The counter is now 482
2015-05-13 15:12:55,507 INFO     The counter is now 483
2015-05-13 15:13:00,513 INFO     The counter is now 484
2015-05-13 15:13:05,519 INFO     The counter is now 485
2015-05-13 15:13:10,525 INFO     The counter is now 486
2015-05-13 15:13:15,531 INFO     The counter is now 487
2015-05-13 15:13:20,538 INFO     The counter is now 488
2015-05-13 15:13:25,544 INFO     The counter is now 489
2015-05-13 15:13:30,550 INFO     The counter is now 490
2015-05-13 15:13:35,556 INFO     The counter is now 491
2015-05-13 15:13:40,562 INFO     The counter is now 492
2015-05-13 15:13:45,568 INFO     The counter is now 493
2015-05-13 15:13:50,574 INFO     The counter is now 494
2015-05-13 15:13:55,580 INFO     The counter is now 495
2015-05-13 15:14:00,586 INFO     The counter is now 496
2015-05-13 15:14:05,592 INFO     The counter is now 497
2015-05-13 15:14:10,598 INFO     The counter is now 498
2015-05-13 15:14:15,604 INFO     The counter is now 499
2015-05-13 15:14:20,611 INFO     The counter is now 500
2015-05-13 15:14:25,617 INFO     The counter is now 501
2015-05-13 15:14:30,618 INFO     The counter is now 502
2015-05-13 15:14:35,625 INFO     The counter is now 503
2015-05-13 15:14:40,627 INFO     The counter is now 504
2015-05-13 15:14:45,628 INFO     The counter is now 505
2015-05-13 15:14:48,764 INFO     The counter is now 0
2015-05-13 15:14:49,766 INFO     The counter is now 1
2015-05-13 15:14:50,634 INFO     The counter is now 506
2015-05-13 15:14:50,769 INFO     The counter is now 2
2015-05-13 15:14:51,771 INFO     The counter is now 3
2015-05-13 15:14:52,773 INFO     The counter is now 4
2015-05-13 15:14:55,638 INFO     The counter is now 507
2015-05-13 15:15:00,645 INFO     The counter is now 508
2015-05-13 15:15:05,648 INFO     The counter is now 509
2015-05-13 15:15:10,654 INFO     The counter is now 510
2015-05-13 15:15:15,658 INFO     The counter is now 511
2015-05-13 15:15:20,665 INFO     The counter is now 512
2015-05-13 15:15:25,668 INFO     The counter is now 513
2015-05-13 15:15:30,673 INFO     The counter is now 514
2015-05-13 15:15:35,679 INFO     The counter is now 515
2015-05-13 15:15:40,685 INFO     The counter is now 516
2015-05-13 15:15:45,691 INFO     The counter is now 517
2015-05-13 15:15:50,693 INFO     The counter is now 518
2015-05-13 15:15:55,699 INFO     The counter is now 519
2015-05-13 15:16:00,705 INFO     The counter is now 520
2015-05-13 15:16:05,711 INFO     The counter is now 521
2015-05-13 15:16:10,717 INFO     The counter is now 522
2015-05-13 15:16:15,723 INFO     The counter is now 523
2015-05-13 15:16:20,728 INFO     The counter is now 524
2015-05-13 15:16:25,734 INFO     The counter is now 525
2015-05-13 15:16:30,740 INFO     The counter is now 526
2015-05-13 15:16:35,746 INFO     The counter is now 527
2015-05-13 15:16:40,705 INFO     The counter is now 0
2015-05-13 15:16:40,752 INFO     The counter is now 528
2015-05-13 15:16:41,707 INFO     The counter is now 1
2015-05-13 15:16:42,710 INFO     The counter is now 2
2015-05-13 15:16:43,712 INFO     The counter is now 3
2015-05-13 15:16:44,714 INFO     The counter is now 4
2015-05-13 15:16:45,758 INFO     The counter is now 529
2015-05-13 15:16:50,764 INFO     The counter is now 530
2015-05-13 15:16:53,551 INFO     The counter is now 0
2015-05-13 15:16:55,769 INFO     The counter is now 531
2015-05-13 15:17:00,775 INFO     The counter is now 532
2015-05-13 15:17:05,778 INFO     The counter is now 533
2015-05-13 15:17:10,791 INFO     The counter is now 534
2015-05-13 15:17:15,798 INFO     The counter is now 535
2015-05-13 15:17:20,804 INFO     The counter is now 536
2015-05-13 15:17:25,809 INFO     The counter is now 537
2015-05-13 15:17:30,816 INFO     The counter is now 538
2015-05-13 15:17:31,946 INFO     The counter is now 0
2015-05-13 15:17:35,822 INFO     The counter is now 539
2015-05-13 15:17:40,828 INFO     The counter is now 540
2015-05-13 15:17:45,834 INFO     The counter is now 541
2015-05-13 15:17:50,840 INFO     The counter is now 542
2015-05-13 15:17:55,842 INFO     The counter is now 543
2015-05-13 15:17:56,357 INFO     The counter is now 0
2015-05-13 15:18:00,843 INFO     The counter is now 544
2015-05-13 15:18:05,848 INFO     The counter is now 545
2015-05-13 15:18:10,854 INFO     The counter is now 546
2015-05-13 15:18:15,860 INFO     The counter is now 547
2015-05-13 15:18:20,866 INFO     The counter is now 548
2015-05-13 15:18:21,065 INFO     The counter is now 0
2015-05-13 15:18:25,872 INFO     The counter is now 549
2015-05-13 15:18:30,879 INFO     The counter is now 550
2015-05-13 15:18:34,930 INFO     The counter is now 0
2015-05-13 15:18:35,884 INFO     The counter is now 551
2015-05-13 15:18:40,891 INFO     The counter is now 552
2015-05-13 15:18:45,897 INFO     The counter is now 553
2015-05-13 15:18:50,903 INFO     The counter is now 554
2015-05-13 15:18:52,171 INFO     The counter is now 0
2015-05-13 15:18:53,176 INFO     The counter is now 1
2015-05-13 15:18:54,179 INFO     The counter is now 2
2015-05-13 15:18:55,183 INFO     The counter is now 3
2015-05-13 15:18:55,909 INFO     The counter is now 555
2015-05-13 15:18:56,187 INFO     The counter is now 4
2015-05-13 15:19:00,915 INFO     The counter is now 556
2015-05-13 15:19:05,921 INFO     The counter is now 557
2015-05-13 15:19:10,927 INFO     The counter is now 558
2015-05-13 15:19:15,933 INFO     The counter is now 559
2015-05-13 15:19:20,939 INFO     The counter is now 560
2015-05-13 15:19:25,945 INFO     The counter is now 561
2015-05-13 15:19:30,951 INFO     The counter is now 562
2015-05-13 15:19:35,957 INFO     The counter is now 563
2015-05-13 15:19:40,963 INFO     The counter is now 564
2015-05-13 15:19:45,969 INFO     The counter is now 565
2015-05-13 15:19:50,975 INFO     The counter is now 566
2015-05-13 15:19:55,981 INFO     The counter is now 567
2015-05-13 15:20:00,987 INFO     The counter is now 568
2015-05-13 15:20:05,993 INFO     The counter is now 569
2015-05-13 15:20:10,999 INFO     The counter is now 570
2015-05-13 15:20:16,005 INFO     The counter is now 571
2015-05-13 15:20:21,011 INFO     The counter is now 572
2015-05-13 15:20:26,017 INFO     The counter is now 573
2015-05-13 15:20:31,023 INFO     The counter is now 574
2015-05-13 15:20:36,029 INFO     The counter is now 575
2015-05-13 15:20:41,035 INFO     The counter is now 576
2015-05-13 15:20:46,040 INFO     The counter is now 577
2015-05-13 15:20:51,044 INFO     The counter is now 578
2015-05-13 15:20:55,688 INFO     The counter is now 0
2015-05-13 15:20:56,050 INFO     The counter is now 579
2015-05-13 15:20:56,691 INFO     The counter is now 1
2015-05-13 15:20:57,694 INFO     The counter is now 2
2015-05-13 15:20:58,698 INFO     The counter is now 3
2015-05-13 15:20:59,701 INFO     The counter is now 4
2015-05-13 15:21:01,056 INFO     The counter is now 580
2015-05-13 15:21:06,062 INFO     The counter is now 581
2015-05-13 15:21:11,066 INFO     The counter is now 582
2015-05-13 15:21:16,072 INFO     The counter is now 583
2015-05-13 15:21:21,078 INFO     The counter is now 584
2015-05-13 15:21:26,084 INFO     The counter is now 585
2015-05-13 15:21:31,090 INFO     The counter is now 586
2015-05-13 15:21:36,096 INFO     The counter is now 587
2015-05-13 15:21:41,102 INFO     The counter is now 588
2015-05-13 15:21:46,108 INFO     The counter is now 589
2015-05-13 15:21:51,114 INFO     The counter is now 590
2015-05-13 15:21:56,119 INFO     The counter is now 591
2015-05-13 15:22:01,125 INFO     The counter is now 592
2015-05-13 15:22:06,128 INFO     The counter is now 593
2015-05-13 15:22:11,134 INFO     The counter is now 594
2015-05-13 15:22:14,531 INFO     The counter is now 0
2015-05-13 15:22:15,536 INFO     The counter is now 1
2015-05-13 15:22:16,140 INFO     The counter is now 595
2015-05-13 15:22:16,540 INFO     The counter is now 2
2015-05-13 15:22:17,543 INFO     The counter is now 3
2015-05-13 15:22:18,547 INFO     The counter is now 4
2015-05-13 15:22:21,146 INFO     The counter is now 596
2015-05-13 15:22:26,152 INFO     The counter is now 597
2015-05-13 15:22:28,683 INFO     The counter is now 0
2015-05-13 15:22:29,687 INFO     The counter is now 1
2015-05-13 15:22:30,690 INFO     The counter is now 2
2015-05-13 15:22:31,158 INFO     The counter is now 598
2015-05-13 15:22:36,159 INFO     The counter is now 599
2015-05-13 15:22:41,165 INFO     The counter is now 600
2015-05-13 15:22:46,171 INFO     The counter is now 601
2015-05-13 15:22:51,177 INFO     The counter is now 602
2015-05-13 15:22:56,183 INFO     The counter is now 603
2015-05-13 15:23:01,189 INFO     The counter is now 604
2015-05-13 15:23:06,193 INFO     The counter is now 605
2015-05-13 15:23:11,199 INFO     The counter is now 606
2015-05-13 15:23:16,205 INFO     The counter is now 607
2015-05-13 15:23:21,208 INFO     The counter is now 608
2015-05-13 15:23:23,405 INFO     The counter is now 0
2015-05-13 15:23:24,408 INFO     The counter is now 1
2015-05-13 15:23:25,413 INFO     The counter is now 2
2015-05-13 15:23:26,213 INFO     The counter is now 609
2015-05-13 15:23:26,416 INFO     The counter is now 3
2015-05-13 15:23:27,419 INFO     The counter is now 4
2015-05-13 15:23:30,207 INFO     The counter is now 0
2015-05-13 15:23:31,210 INFO     The counter is now 1
2015-05-13 15:23:31,219 INFO     The counter is now 610
2015-05-13 15:23:32,214 INFO     The counter is now 2
2015-05-13 15:23:36,224 INFO     The counter is now 611
2015-05-13 15:23:41,230 INFO     The counter is now 612
2015-05-13 15:23:46,236 INFO     The counter is now 613
2015-05-13 15:23:51,238 INFO     The counter is now 614
2015-05-13 15:23:52,568 INFO     The counter is now 0
2015-05-13 15:23:53,571 INFO     The counter is now 1
2015-05-13 15:23:54,575 INFO     The counter is now 2
2015-05-13 15:23:55,579 INFO     The counter is now 3
2015-05-13 15:23:56,245 INFO     The counter is now 615
2015-05-13 15:23:56,617 INFO     The counter is now 4
2015-05-13 15:24:01,251 INFO     The counter is now 616
2015-05-13 15:24:06,257 INFO     The counter is now 617
2015-05-13 15:24:11,264 INFO     The counter is now 618
2015-05-13 15:24:16,267 INFO     The counter is now 619
2015-05-13 15:24:21,268 INFO     The counter is now 620
2015-05-13 15:24:26,275 INFO     The counter is now 621
2015-05-13 15:24:31,281 INFO     The counter is now 622
2015-05-13 15:24:31,909 INFO     The counter is now 0
2015-05-13 15:24:32,912 INFO     The counter is now 1
2015-05-13 15:24:33,915 INFO     The counter is now 2
2015-05-13 15:24:34,918 INFO     The counter is now 3
2015-05-13 15:24:35,922 INFO     The counter is now 4
2015-05-13 15:24:36,287 INFO     The counter is now 623
2015-05-13 15:24:41,293 INFO     The counter is now 624
2015-05-13 15:24:46,299 INFO     The counter is now 625
2015-05-13 15:24:51,305 INFO     The counter is now 626
2015-05-13 15:24:56,311 INFO     The counter is now 627
2015-05-13 15:25:01,317 INFO     The counter is now 628
2015-05-13 15:25:06,318 INFO     The counter is now 629
2015-05-13 15:25:11,641 INFO     The counter is now 630
2015-05-13 15:25:16,644 INFO     The counter is now 631
2015-05-13 15:25:21,649 INFO     The counter is now 632
2015-05-13 15:25:26,655 INFO     The counter is now 633
2015-05-13 15:25:31,661 INFO     The counter is now 634
2015-05-13 15:25:36,667 INFO     The counter is now 635
2015-05-13 15:25:41,668 INFO     The counter is now 636
2015-05-13 15:25:47,188 INFO     The counter is now 637
2015-05-13 15:25:52,194 INFO     The counter is now 638
2015-05-13 15:25:57,200 INFO     The counter is now 639
2015-05-13 15:26:02,206 INFO     The counter is now 640
2015-05-13 15:26:07,212 INFO     The counter is now 641
2015-05-13 15:26:12,218 INFO     The counter is now 642
2015-05-13 15:26:17,225 INFO     The counter is now 643
2015-05-13 15:26:22,230 INFO     The counter is now 644
2015-05-13 15:26:27,236 INFO     The counter is now 645
2015-05-13 15:26:32,242 INFO     The counter is now 646
2015-05-13 15:26:37,249 INFO     The counter is now 647
2015-05-13 15:26:42,254 INFO     The counter is now 648
2015-05-13 15:26:47,260 INFO     The counter is now 649
2015-05-13 15:26:52,266 INFO     The counter is now 650
2015-05-13 15:26:57,272 INFO     The counter is now 651
2015-05-13 15:27:02,278 INFO     The counter is now 652
2015-05-13 15:27:07,284 INFO     The counter is now 653
2015-05-13 15:27:12,290 INFO     The counter is now 654
2015-05-13 15:27:17,296 INFO     The counter is now 655
2015-05-13 15:27:22,303 INFO     The counter is now 656
2015-05-13 15:27:27,308 INFO     The counter is now 657
2015-05-13 15:27:32,314 INFO     The counter is now 658
2015-05-13 15:27:37,320 INFO     The counter is now 659
2015-05-13 15:27:42,326 INFO     The counter is now 660
2015-05-13 15:27:47,332 INFO     The counter is now 661
2015-05-13 15:27:52,338 INFO     The counter is now 662
2015-05-13 15:27:57,344 INFO     The counter is now 663
2015-05-13 15:28:02,350 INFO     The counter is now 664
2015-05-13 15:28:07,356 INFO     The counter is now 665
2015-05-13 15:28:12,361 INFO     The counter is now 666
2015-05-13 15:28:17,367 INFO     The counter is now 667
2015-05-13 15:28:22,373 INFO     The counter is now 668
2015-05-13 15:28:27,379 INFO     The counter is now 669
2015-05-13 15:28:32,385 INFO     The counter is now 670
2015-05-13 15:28:37,388 INFO     The counter is now 671
2015-05-13 15:28:42,394 INFO     The counter is now 672
2015-05-13 15:28:47,400 INFO     The counter is now 673
2015-05-13 15:28:52,406 INFO     The counter is now 674
2015-05-13 15:28:57,408 INFO     The counter is now 675
2015-05-13 15:29:02,414 INFO     The counter is now 676
2015-05-13 15:29:07,420 INFO     The counter is now 677
2015-05-13 15:29:12,427 INFO     The counter is now 678
2015-05-13 15:29:17,433 INFO     The counter is now 679
